<?xml version="1.0" encoding="UTF-8"?>
<testsuite xmlns:xsi="http://www.w3.org/2001/XMLSchema-instance" xsi:noNamespaceSchemaLocation="https://maven.apache.org/surefire/maven-surefire-plugin/xsd/surefire-test-report-3.0.xsd" version="3.0" name="com.expensetracker.security.AuthenticationPropertyTest" time="1.068" tests="3" errors="0" skipped="0" failures="0">
  <properties>
[...]
</properties>
  <testcase name="Protected endpoints reject requests with malformed tokens" classname="com.expensetracker.security.AuthenticationPropertyTest" time="0.902">
    <system-out><![CDATA[2026-02-26T10:34:01.135+03:00  INFO 27832 --- [expense-tracker] [           main] t.c.s.AnnotationConfigContextLoaderUtils : Could not detect default configuration classes for test class [com.expensetracker.security.AuthenticationPropertyTest]: AuthenticationPropertyTest does not declare any static, non-private, non-final, nested classes annotated with @Configuration.
2026-02-26T10:34:01.140+03:00  INFO 27832 --- [expense-tracker] [           main] .b.t.c.SpringBootTestContextBootstrapper : Found @SpringBootConfiguration com.expensetracker.ExpenseTrackerApplication for test class com.expensetracker.security.AuthenticationPropertyTest

  .   ____          _            __ _ _
 /\\ / ___'_ __ _ _(_)_ __  __ _ \ \ \ \
( ( )\___ | '_ | '_| | '_ \/ _` | \ \ \ \
 \\/  ___)| |_)| | | | | || (_| |  ) ) ) )
  '  |____| .__|_| |_|_| |_\__, | / / / /
 =========|_|==============|___/=/_/_/_/
 :: Spring Boot ::                (v3.2.0)

2026-02-26T10:34:01.246+03:00  WARN 27832 --- [expense-tracker] [           main] ory$DuplicateJsonObjectContextCustomizer : 

Found multiple occurrences of org.json.JSONObject on the class path:

	jar:file:/C:/Users/FerasDarwish/.m2/repository/com/vaadin/external/google/android-json/0.0.20131108.vaadin1/android-json-0.0.20131108.vaadin1.jar!/org/json/JSONObject.class
	jar:file:/C:/Users/FerasDarwish/.m2/repository/org/json/json/20140107/json-20140107.jar!/org/json/JSONObject.class

You may wish to exclude one of them to ensure predictable runtime behavior

2026-02-26T10:34:01.247+03:00  INFO 27832 --- [expense-tracker] [           main] c.e.security.AuthenticationPropertyTest  : Starting AuthenticationPropertyTest using Java 25.0.1 with PID 27832 (started by FerasDarwish in C:\Users\FerasDarwish\Desktop\hackathon\Masarifi\Masarifi-backend\Masarifi-backend)
2026-02-26T10:34:01.247+03:00  INFO 27832 --- [expense-tracker] [           main] c.e.security.AuthenticationPropertyTest  : The following 1 profile is active: "test"
2026-02-26T10:34:01.331+03:00  INFO 27832 --- [expense-tracker] [           main] .s.d.r.c.RepositoryConfigurationDelegate : Bootstrapping Spring Data JPA repositories in DEFAULT mode.
2026-02-26T10:34:01.340+03:00  INFO 27832 --- [expense-tracker] [           main] .s.d.r.c.RepositoryConfigurationDelegate : Finished Spring Data repository scanning in 8 ms. Found 5 JPA repository interfaces.
2026-02-26T10:34:01.475+03:00  INFO 27832 --- [expense-tracker] [           main] o.s.b.w.embedded.tomcat.TomcatWebServer  : Tomcat initialized with port 0 (http)
2026-02-26T10:34:01.483+03:00  INFO 27832 --- [expense-tracker] [           main] o.apache.catalina.core.StandardService   : Starting service [Tomcat]
2026-02-26T10:34:01.483+03:00  INFO 27832 --- [expense-tracker] [           main] o.apache.catalina.core.StandardEngine    : Starting Servlet engine: [Apache Tomcat/10.1.16]
2026-02-26T10:34:01.529+03:00  INFO 27832 --- [expense-tracker] [           main] o.a.c.c.C.[Tomcat].[localhost].[/]       : Initializing Spring embedded WebApplicationContext
2026-02-26T10:34:01.529+03:00  INFO 27832 --- [expense-tracker] [           main] w.s.c.ServletWebServerApplicationContext : Root WebApplicationContext: initialization completed in 281 ms
2026-02-26T10:34:01.563+03:00  INFO 27832 --- [expense-tracker] [           main] com.zaxxer.hikari.HikariDataSource       : HikariPool-6 - Starting...
2026-02-26T10:34:01.563+03:00  INFO 27832 --- [expense-tracker] [           main] com.zaxxer.hikari.pool.HikariPool        : HikariPool-6 - Added connection conn50: url=jdbc:h2:mem:testdb user=SA
2026-02-26T10:34:01.563+03:00  INFO 27832 --- [expense-tracker] [           main] com.zaxxer.hikari.HikariDataSource       : HikariPool-6 - Start completed.
2026-02-26T10:34:01.572+03:00  INFO 27832 --- [expense-tracker] [           main] o.hibernate.jpa.internal.util.LogHelper  : HHH000204: Processing PersistenceUnitInfo [name: default]
2026-02-26T10:34:01.574+03:00  INFO 27832 --- [expense-tracker] [           main] o.h.c.internal.RegionFactoryInitiator    : HHH000026: Second-level cache disabled
2026-02-26T10:34:01.576+03:00  INFO 27832 --- [expense-tracker] [           main] o.s.o.j.p.SpringPersistenceUnitInfo      : No LoadTimeWeaver setup: ignoring JPA class transformer
2026-02-26T10:34:01.576+03:00  WARN 27832 --- [expense-tracker] [           main] org.hibernate.orm.deprecation            : HHH90000025: H2Dialect does not need to be specified explicitly using 'hibernate.dialect' (remove the property setting and it will be selected by default)
2026-02-26T10:34:01.612+03:00  INFO 27832 --- [expense-tracker] [           main] o.h.e.t.j.p.i.JtaPlatformInitiator       : HHH000489: No JTA platform available (set 'hibernate.transaction.jta.platform' to enable JTA platform integration)
2026-02-26T10:34:01.621+03:00  INFO 27832 --- [expense-tracker] [           main] j.LocalContainerEntityManagerFactoryBean : Initialized JPA EntityManagerFactory for persistence unit 'default'
2026-02-26T10:34:01.659+03:00  INFO 27832 --- [expense-tracker] [           main] tionInformation$PropertyDescriptorSource : Couldn't read class metadata for interface java.util.Map. Input property calculation might fail
2026-02-26T10:34:01.702+03:00  WARN 27832 --- [expense-tracker] [           main] JpaBaseConfiguration$JpaWebConfiguration : spring.jpa.open-in-view is enabled by default. Therefore, database queries may be performed during view rendering. Explicitly configure spring.jpa.open-in-view to disable this warning
2026-02-26T10:34:01.705+03:00  WARN 27832 --- [expense-tracker] [           main] .s.s.UserDetailsServiceAutoConfiguration : 

Using generated security password: 15cf0a6e-a121-469f-b19d-22dbc7776ac9

This generated password is for development use only. Your security configuration must be updated before running your application in production.

2026-02-26T10:34:01.731+03:00  INFO 27832 --- [expense-tracker] [           main] o.s.s.web.DefaultSecurityFilterChain     : Will secure any request with [org.springframework.security.web.session.DisableEncodeUrlFilter@a3b417, org.springframework.security.web.context.request.async.WebAsyncManagerIntegrationFilter@6a15d338, org.springframework.security.web.context.SecurityContextHolderFilter@4be5469e, org.springframework.security.web.header.HeaderWriterFilter@58072e51, org.springframework.web.filter.CorsFilter@4339a3ca, org.springframework.security.web.authentication.logout.LogoutFilter@4f04ab10, com.expensetracker.security.JwtAuthenticationFilter@a4c795f, org.springframework.security.web.savedrequest.RequestCacheAwareFilter@182ce28a, org.springframework.security.web.servletapi.SecurityContextHolderAwareRequestFilter@79b82278, org.springframework.security.web.authentication.AnonymousAuthenticationFilter@4858e6c0, org.springframework.security.web.session.SessionManagementFilter@6d275f8e, org.springframework.security.web.access.ExceptionTranslationFilter@71644fdf, org.springframework.security.web.access.intercept.AuthorizationFilter@8d0774a]
2026-02-26T10:34:01.755+03:00  INFO 27832 --- [expense-tracker] [           main] o.a.c.c.C.[Tomcat].[localhost].[/]       : Initializing Spring TestDispatcherServlet ''
2026-02-26T10:34:01.756+03:00  INFO 27832 --- [expense-tracker] [           main] o.s.t.web.servlet.TestDispatcherServlet  : Initializing Servlet ''
2026-02-26T10:34:01.756+03:00  INFO 27832 --- [expense-tracker] [           main] o.s.t.web.servlet.TestDispatcherServlet  : Completed initialization in 0 ms
2026-02-26T10:34:01.787+03:00  INFO 27832 --- [expense-tracker] [           main] o.s.b.w.embedded.tomcat.TomcatWebServer  : Tomcat started on port 63138 (http) with context path ''
2026-02-26T10:34:01.788+03:00  INFO 27832 --- [expense-tracker] [           main] c.e.security.AuthenticationPropertyTest  : Started AuthenticationPropertyTest in 0.556 seconds (process running for 12.015)
2026-02-26T10:34:01.792+03:00  WARN 27832 --- [expense-tracker] [           main] o.s.w.s.h.HandlerMappingIntrospector     : Cache miss for REQUEST dispatch to '/api/transactions/123' (previous null). Performing CorsConfiguration lookup. This is logged once only at WARN level, and every time at TRACE.
2026-02-26T10:34:01.836+03:00  WARN 27832 --- [expense-tracker] [           main] o.s.w.s.h.HandlerMappingIntrospector     : Cache miss for REQUEST dispatch to '/api/transactions/123' (previous null). Performing MatchableHandlerMapping lookup. This is logged once only at WARN level, and every time at TRACE.
timestamp = 2026-02-26T10:34:02.046586300, AuthenticationPropertyTest:Protected endpoints reject requests with malformed tokens = 
                              |-----------------------jqwik-----------------------
tries = 100                   | # of calls to property
checks = 100                  | # of not rejected calls
generation = RANDOMIZED       | parameters are randomly generated
after-failure = SAMPLE_FIRST  | try previously failed sample, then previous seed
when-fixed-seed = ALLOW       | fixing the random seed is allowed
edge-cases#mode = MIXIN       | edge cases are mixed in
edge-cases#total = 42         | # of all combined edge cases
edge-cases#tried = 24         | # of edge cases tried in current run
seed = 97054135794906262      | random seed to reproduce generated values


]]></system-out>
  </testcase>
  <testcase name="Protected endpoints reject requests without authentication token" classname="com.expensetracker.security.AuthenticationPropertyTest" time="0.019">
    <system-out><![CDATA[timestamp = 2026-02-26T10:34:02.067603600, AuthenticationPropertyTest:Protected endpoints reject requests without authentication token = 
                              |-----------------------jqwik-----------------------
tries = 10                    | # of calls to property
checks = 10                   | # of not rejected calls
generation = EXHAUSTIVE       | parameters are exhaustively generated
after-failure = SAMPLE_FIRST  | try previously failed sample, then previous seed
when-fixed-seed = ALLOW       | fixing the random seed is allowed
edge-cases#mode = MIXIN       | edge cases are mixed in
edge-cases#total = 0          | # of all combined edge cases
edge-cases#tried = 0          | # of edge cases tried in current run
seed = -1739499184914164747   | random seed to reproduce generated values


]]></system-out>
  </testcase>
  <testcase name="Transaction and budget operations require valid authentication" classname="com.expensetracker.security.AuthenticationPropertyTest" time="0.129">
    <system-out><![CDATA[timestamp = 2026-02-26T10:34:02.197480300, AuthenticationPropertyTest:Transaction and budget operations require valid authentication = 
                              |-----------------------jqwik-----------------------
tries = 100                   | # of calls to property
checks = 100                  | # of not rejected calls
generation = RANDOMIZED       | parameters are randomly generated
after-failure = SAMPLE_FIRST  | try previously failed sample, then previous seed
when-fixed-seed = ALLOW       | fixing the random seed is allowed
edge-cases#mode = MIXIN       | edge cases are mixed in
edge-cases#total = 24         | # of all combined edge cases
edge-cases#tried = 17         | # of edge cases tried in current run
seed = 970144378404462546     | random seed to reproduce generated values


]]></system-out>
  </testcase>
</testsuite>